<?xml version="1.0" encoding="UTF-8"?>
<!-- Generated by org.testng.reporters.JUnitXMLReporter -->
<testsuite hostname="MAC41G.local" ignored="0" name="Test1" tests="11" failures="0" timestamp="04 Dec 2018 16:23:57 GMT" time="282.899" errors="0">
  <testcase name="clickOnPreferenceOption" time="1.037" classname="MobileProgrammingLLC.Tests.APIDemos_SettingWiFi"/>
  <testcase name="clickOnPreferenceDependenciesOption" time="3.498" classname="MobileProgrammingLLC.Tests.APIDemos_SettingWiFi"/>
  <testcase name="settingWifiFunctionality" time="7.383" classname="MobileProgrammingLLC.Tests.APIDemos_SettingWiFi"/>
  <testcase name="navigateToCustomAdapterPage" time="3.766" classname="MobileProgrammingLLC.Tests.APIDemos_RetrivingDogsInfo"/>
  <testcase name="retrieveDogNamesInformation" time="6.316" classname="MobileProgrammingLLC.Tests.APIDemos_RetrivingDogsInfo"/>
  <testcase name="tapOnViewsOption" time="1.317" classname="MobileProgrammingLLC.Tests.APIDemos_PlayingRedDots"/>
  <testcase name="tapOnDragAndDropOption" time="2.408" classname="MobileProgrammingLLC.Tests.APIDemos_PlayingRedDots"/>
  <testcase name="validatingRedDotsMovement" time="5.567" classname="MobileProgrammingLLC.Tests.APIDemos_PlayingRedDots"/>
  <testcase name="tapOnViewsOption" time="1.523" classname="MobileProgrammingLLC.Tests.APIDemos_MakingPopUps"/>
  <testcase name="tapOnPopUpMenu" time="9.685" classname="MobileProgrammingLLC.Tests.APIDemos_MakingPopUps"/>
  <testcase name="makeAPopUp" time="0.193" classname="MobileProgrammingLLC.Tests.APIDemos_MakingPopUps"/>
</testsuite> <!-- Test1 -->
